0 info it worked if it ends with ok
1 verbose cli [ '/usr/bin/node',
1 verbose cli   '/usr/bin/npm',
1 verbose cli   'install',
1 verbose cli   'gulp',
1 verbose cli   'gulp-sass',
1 verbose cli   'gulp-autoprefxer',
1 verbose cli   '--save-dev' ]
2 info using npm@2.7.4
3 info using node@v0.12.2
4 verbose node symlink /usr/bin/node
5 warn package.json @ No repository field.
6 verbose install gulp is installed as 3.8.11
7 silly cache add args [ 'gulp', null ]
8 verbose cache add spec gulp
9 verbose install gulp-sass is installed as 2.0.1
10 silly cache add args [ 'gulp-sass', null ]
11 verbose cache add spec gulp-sass
12 silly cache add args [ 'gulp-autoprefxer', null ]
13 verbose cache add spec gulp-autoprefxer
14 silly cache add parsed spec { raw: 'gulp',
14 silly cache add   scope: null,
14 silly cache add   name: 'gulp',
14 silly cache add   rawSpec: '',
14 silly cache add   spec: '*',
14 silly cache add   type: 'range' }
15 verbose addNamed gulp@*
16 silly addNamed semver.valid null
17 silly addNamed semver.validRange *
18 silly addNameRange { name: 'gulp', range: '*', hasData: false }
19 silly mapToRegistry name gulp
20 silly mapToRegistry using default registry
21 silly mapToRegistry registry https://registry.npmjs.org/
22 silly mapToRegistry uri https://registry.npmjs.org/gulp
23 verbose addNameRange registry:https://registry.npmjs.org/gulp not in flight; fetching
24 silly cache add parsed spec { raw: 'gulp-sass',
24 silly cache add   scope: null,
24 silly cache add   name: 'gulp-sass',
24 silly cache add   rawSpec: '',
24 silly cache add   spec: '*',
24 silly cache add   type: 'range' }
25 verbose addNamed gulp-sass@*
26 silly addNamed semver.valid null
27 silly addNamed semver.validRange *
28 silly addNameRange { name: 'gulp-sass', range: '*', hasData: false }
29 silly mapToRegistry name gulp-sass
30 silly mapToRegistry using default registry
31 silly mapToRegistry registry https://registry.npmjs.org/
32 silly mapToRegistry uri https://registry.npmjs.org/gulp-sass
33 verbose addNameRange registry:https://registry.npmjs.org/gulp-sass not in flight; fetching
34 silly cache add parsed spec { raw: 'gulp-autoprefxer',
34 silly cache add   scope: null,
34 silly cache add   name: 'gulp-autoprefxer',
34 silly cache add   rawSpec: '',
34 silly cache add   spec: '*',
34 silly cache add   type: 'range' }
35 verbose addNamed gulp-autoprefxer@*
36 silly addNamed semver.valid null
37 silly addNamed semver.validRange *
38 silly addNameRange { name: 'gulp-autoprefxer', range: '*', hasData: false }
39 silly mapToRegistry name gulp-autoprefxer
40 silly mapToRegistry using default registry
41 silly mapToRegistry registry https://registry.npmjs.org/
42 silly mapToRegistry uri https://registry.npmjs.org/gulp-autoprefxer
43 verbose addNameRange registry:https://registry.npmjs.org/gulp-autoprefxer not in flight; fetching
44 verbose request uri https://registry.npmjs.org/gulp-autoprefxer
45 verbose request no auth needed
46 info attempt registry request try #1 at 05:37:44
47 verbose request id 9dc5b7822e1ad0a8
48 http request GET https://registry.npmjs.org/gulp-autoprefxer
49 verbose request uri https://registry.npmjs.org/gulp
50 verbose request no auth needed
51 info attempt registry request try #1 at 05:37:44
52 verbose etag "53DUJP2F7FK7FDHA496C3U8DO"
53 http request GET https://registry.npmjs.org/gulp
54 verbose request uri https://registry.npmjs.org/gulp-sass
55 verbose request no auth needed
56 info attempt registry request try #1 at 05:37:44
57 verbose etag "51XXCR7OCKPE5BBZHX22BW218"
58 http request GET https://registry.npmjs.org/gulp-sass
59 http 404 https://registry.npmjs.org/gulp-autoprefxer
60 verbose headers { server: 'CouchDB/1.5.0 (Erlang OTP/R16B03)',
60 verbose headers   'content-type': 'application/json',
60 verbose headers   'cache-control': 'max-age=0',
60 verbose headers   'content-length': '51',
60 verbose headers   'accept-ranges': 'bytes',
60 verbose headers   date: 'Tue, 02 Jun 2015 05:37:45 GMT',
60 verbose headers   via: '1.1 varnish',
60 verbose headers   age: '0',
60 verbose headers   connection: 'keep-alive',
60 verbose headers   'x-served-by': 'cache-lhr6329-LHR',
60 verbose headers   'x-cache': 'MISS',
60 verbose headers   'x-cache-hits': '0',
60 verbose headers   'x-timer': 'S1433223465.544817,VS0,VE96' }
61 silly get cb [ 404,
61 silly get   { server: 'CouchDB/1.5.0 (Erlang OTP/R16B03)',
61 silly get     'content-type': 'application/json',
61 silly get     'cache-control': 'max-age=0',
61 silly get     'content-length': '51',
61 silly get     'accept-ranges': 'bytes',
61 silly get     date: 'Tue, 02 Jun 2015 05:37:45 GMT',
61 silly get     via: '1.1 varnish',
61 silly get     age: '0',
61 silly get     connection: 'keep-alive',
61 silly get     'x-served-by': 'cache-lhr6329-LHR',
61 silly get     'x-cache': 'MISS',
61 silly get     'x-cache-hits': '0',
61 silly get     'x-timer': 'S1433223465.544817,VS0,VE96' } ]
62 http 304 https://registry.npmjs.org/gulp-sass
63 silly get cb [ 304,
63 silly get   { date: 'Tue, 02 Jun 2015 05:37:45 GMT',
63 silly get     via: '1.1 varnish',
63 silly get     'cache-control': 'max-age=60',
63 silly get     etag: '"51XXCR7OCKPE5BBZHX22BW218"',
63 silly get     age: '0',
63 silly get     connection: 'keep-alive',
63 silly get     'x-served-by': 'cache-lhr6330-LHR',
63 silly get     'x-cache': 'HIT',
63 silly get     'x-cache-hits': '1',
63 silly get     'x-timer': 'S1433223465.544776,VS0,VE363',
63 silly get     vary: 'Accept' } ]
64 verbose etag https://registry.npmjs.org/gulp-sass from cache
65 verbose get saving gulp-sass to /home/vagrant/.npm/registry.npmjs.org/gulp-sass/.cache.json
66 silly addNameRange number 2 { name: 'gulp-sass', range: '*', hasData: true }
67 silly addNameRange versions [ 'gulp-sass',
67 silly addNameRange   [ '0.1.0',
67 silly addNameRange     '0.2.1',
67 silly addNameRange     '0.2.2',
67 silly addNameRange     '0.2.3',
67 silly addNameRange     '0.3.0',
67 silly addNameRange     '0.4.0',
67 silly addNameRange     '0.4.1',
67 silly addNameRange     '0.5.0',
67 silly addNameRange     '0.5.1',
67 silly addNameRange     '0.5.2',
67 silly addNameRange     '0.6.0',
67 silly addNameRange     '0.7.0',
67 silly addNameRange     '0.7.1',
67 silly addNameRange     '0.7.2',
67 silly addNameRange     '0.7.3',
67 silly addNameRange     '1.0.0',
67 silly addNameRange     '1.1.0',
67 silly addNameRange     '1.2.0',
67 silly addNameRange     '1.2.1',
67 silly addNameRange     '1.2.2',
67 silly addNameRange     '1.2.3',
67 silly addNameRange     '1.2.4',
67 silly addNameRange     '1.3.0',
67 silly addNameRange     '1.3.1',
67 silly addNameRange     '1.3.2',
67 silly addNameRange     '1.3.3',
67 silly addNameRange     '2.0.0-alpha.1',
67 silly addNameRange     '2.0.0',
67 silly addNameRange     '2.0.1' ] ]
68 verbose addNamed gulp-sass@2.0.1
69 silly addNamed semver.valid 2.0.1
70 silly addNamed semver.validRange 2.0.1
71 silly cache afterAdd gulp-sass@2.0.1
72 verbose afterAdd /home/vagrant/.npm/gulp-sass/2.0.1/package/package.json not in flight; writing
73 verbose afterAdd /home/vagrant/.npm/gulp-sass/2.0.1/package/package.json written
74 http 200 https://registry.npmjs.org/gulp
75 silly get cb [ 200,
75 silly get   { server: 'CouchDB/1.5.0 (Erlang OTP/R16B03)',
75 silly get     etag: '"89LCGA7RZ72U370ETJ18BTFHH"',
75 silly get     'content-type': 'application/json',
75 silly get     'cache-control': 'max-age=60',
75 silly get     'content-length': '104088',
75 silly get     'accept-ranges': 'bytes',
75 silly get     date: 'Tue, 02 Jun 2015 05:37:45 GMT',
75 silly get     via: '1.1 varnish',
75 silly get     age: '0',
75 silly get     connection: 'keep-alive',
75 silly get     'x-served-by': 'cache-lhr6330-LHR',
75 silly get     'x-cache': 'HIT',
75 silly get     'x-cache-hits': '1',
75 silly get     'x-timer': 'S1433223465.544699,VS0,VE385',
75 silly get     vary: 'Accept' } ]
76 verbose get saving gulp to /home/vagrant/.npm/registry.npmjs.org/gulp/.cache.json
77 silly addNameRange number 2 { name: 'gulp', range: '*', hasData: true }
78 silly addNameRange versions [ 'gulp',
78 silly addNameRange   [ '0.0.1',
78 silly addNameRange     '0.0.2',
78 silly addNameRange     '0.0.3',
78 silly addNameRange     '0.0.4',
78 silly addNameRange     '0.0.5',
78 silly addNameRange     '0.0.7',
78 silly addNameRange     '0.0.8',
78 silly addNameRange     '0.0.9',
78 silly addNameRange     '0.1.0',
78 silly addNameRange     '0.2.0',
78 silly addNameRange     '1.0.0',
78 silly addNameRange     '1.1.0',
78 silly addNameRange     '1.2.0',
78 silly addNameRange     '1.2.1',
78 silly addNameRange     '2.0.0',
78 silly addNameRange     '2.0.1',
78 silly addNameRange     '2.1.0',
78 silly addNameRange     '2.2.0',
78 silly addNameRange     '2.3.0',
78 silly addNameRange     '2.4.0',
78 silly addNameRange     '2.4.1',
78 silly addNameRange     '2.6.0',
78 silly addNameRange     '2.6.1',
78 silly addNameRange     '2.7.0',
78 silly addNameRange     '3.0.0',
78 silly addNameRange     '3.1.1',
78 silly addNameRange     '3.1.2',
78 silly addNameRange     '3.1.3',
78 silly addNameRange     '3.1.4',
78 silly addNameRange     '3.2.0',
78 silly addNameRange     '3.2.1',
78 silly addNameRange     '3.2.2',
78 silly addNameRange     '3.2.3',
78 silly addNameRange     '3.2.4',
78 silly addNameRange     '3.2.5',
78 silly addNameRange     '3.3.0',
78 silly addNameRange     '3.3.1',
78 silly addNameRange     '3.3.2',
78 silly addNameRange     '3.3.4',
78 silly addNameRange     '3.4.0',
78 silly addNameRange     '3.5.0',
78 silly addNameRange     '3.5.1',
78 silly addNameRange     '3.5.2',
78 silly addNameRange     '3.5.5',
78 silly addNameRange     '3.5.6',
78 silly addNameRange     '3.6.0',
78 silly addNameRange     '3.6.1',
78 silly addNameRange     '3.6.2',
78 silly addNameRange     '3.7.0',
78 silly addNameRange     '3.8.0',
78 silly addNameRange     '3.8.1',
78 silly addNameRange     '3.8.2',
78 silly addNameRange     '3.8.3',
78 silly addNameRange     '3.8.4',
78 silly addNameRange     '3.8.5',
78 silly addNameRange     '3.8.6',
78 silly addNameRange     '3.8.7',
78 silly addNameRange     '3.8.8',
78 silly addNameRange     '3.8.9',
78 silly addNameRange     '3.8.10',
78 silly addNameRange     '3.8.11',
78 silly addNameRange     '3.9.0' ] ]
79 verbose addNamed gulp@3.9.0
80 silly addNamed semver.valid 3.9.0
81 silly addNamed semver.validRange 3.9.0
82 silly mapToRegistry name gulp
83 silly mapToRegistry using default registry
84 silly mapToRegistry registry https://registry.npmjs.org/
85 silly mapToRegistry uri https://registry.npmjs.org/gulp
86 verbose addRemoteTarball https://registry.npmjs.org/gulp/-/gulp-3.9.0.tgz not in flight; adding
87 verbose addRemoteTarball [ 'https://registry.npmjs.org/gulp/-/gulp-3.9.0.tgz',
87 verbose addRemoteTarball   'cf1fba4cb558bb8c6ae6c9613f583ae2620d214a' ]
88 info retry fetch attempt 1 at 05:37:46
89 info attempt registry request try #1 at 05:37:46
90 http fetch GET https://registry.npmjs.org/gulp/-/gulp-3.9.0.tgz
91 http fetch 200 https://registry.npmjs.org/gulp/-/gulp-3.9.0.tgz
92 silly fetchAndShaCheck shasum cf1fba4cb558bb8c6ae6c9613f583ae2620d214a
93 verbose addTmpTarball /tmp/npm-1875-64720db9/registry.npmjs.org/gulp/-/gulp-3.9.0.tgz not in flight; adding
94 verbose addTmpTarball already have metadata; skipping unpack for gulp@3.9.0
95 silly cache afterAdd gulp@3.9.0
96 verbose afterAdd /home/vagrant/.npm/gulp/3.9.0/package/package.json not in flight; writing
97 verbose afterAdd /home/vagrant/.npm/gulp/3.9.0/package/package.json written
98 verbose stack Error: 404 Not Found: gulp-autoprefxer
98 verbose stack     at CachingRegistryClient.<anonymous> (/usr/lib/node_modules/npm/node_modules/npm-registry-client/lib/request.js:245:14)
98 verbose stack     at Request._callback (/usr/lib/node_modules/npm/node_modules/npm-registry-client/lib/request.js:170:14)
98 verbose stack     at Request.self.callback (/usr/lib/node_modules/npm/node_modules/request/request.js:344:22)
98 verbose stack     at Request.emit (events.js:110:17)
98 verbose stack     at Request.<anonymous> (/usr/lib/node_modules/npm/node_modules/request/request.js:1239:14)
98 verbose stack     at Request.emit (events.js:129:20)
98 verbose stack     at IncomingMessage.<anonymous> (/usr/lib/node_modules/npm/node_modules/request/request.js:1187:12)
98 verbose stack     at IncomingMessage.emit (events.js:129:20)
98 verbose stack     at _stream_readable.js:908:16
98 verbose stack     at process._tickCallback (node.js:355:11)
99 verbose statusCode 404
100 verbose pkgid gulp-autoprefxer
101 verbose cwd /home/vagrant/projects/larabook
102 error Linux 3.16.0-23-generic
103 error argv "/usr/bin/node" "/usr/bin/npm" "install" "gulp" "gulp-sass" "gulp-autoprefxer" "--save-dev"
104 error node v0.12.2
105 error npm  v2.7.4
106 error code E404
107 error 404 Not Found: gulp-autoprefxer
107 error 404
107 error 404 'gulp-autoprefxer' is not in the npm registry.
107 error 404 You should bug the author to publish it (or use the name yourself!)
107 error 404
107 error 404 Note that you can also install from a
107 error 404 tarball, folder, http url, or git url.
108 verbose exit [ 1, true ]
